2019-06-11 21:24:04.889313 [INFO] [PlainConf] [httpServerConfig:] start parsing file /usr/local/lsws/conf/httpd_config.conf
2019-06-11 21:24:04.889330 [INFO] [PlainConf] [httpServerConfig:] RCS checkin config file /usr/local/lsws/conf/httpd_config.conf0 OK.
2019-06-11 21:24:04.889335 [INFO] [PlainConf] [httpServerConfig:] module [cache] add param [checkprivatecache 1]
2019-06-11 21:24:04.889339 [INFO] [PlainConf] [httpServerConfig:] module [cache] add param [checkpubliccache 1]
2019-06-11 21:24:04.889343 [INFO] [PlainConf] [httpServerConfig:] module [cache] add param [maxcacheobjsize 10000000]
2019-06-11 21:24:04.889346 [INFO] [PlainConf] [httpServerConfig:] module [cache] add param [maxstaleage 200]
2019-06-11 21:24:04.889350 [INFO] [PlainConf] [httpServerConfig:] module [cache] add param [qscache 1]
2019-06-11 21:24:04.889353 [INFO] [PlainConf] [httpServerConfig:] module [cache] add param [reqcookiecache 1]
2019-06-11 21:24:04.889357 [INFO] [PlainConf] [httpServerConfig:] module [cache] add param [respcookiecache 1]
2019-06-11 21:24:04.889361 [INFO] [PlainConf] [httpServerConfig:] module [cache] add param [ignorereqcachectrl 1]
2019-06-11 21:24:04.889364 [INFO] [PlainConf] [httpServerConfig:] module [cache] add param [ignorerespcachectrl 0]
2019-06-11 21:24:04.889368 [INFO] [PlainConf] [httpServerConfig:] module [cache] add param [enablecache 0]
2019-06-11 21:24:04.889371 [INFO] [PlainConf] [httpServerConfig:] module [cache] add param [expireinseconds 3600]
2019-06-11 21:24:04.889375 [INFO] [PlainConf] [httpServerConfig:] module [cache] add param [enableprivatecache 0]
2019-06-11 21:24:04.889379 [INFO] [PlainConf] [httpServerConfig:] module [cache] add param [privateexpireinseconds 3600]
2019-06-11 21:24:04.889384 [NOTICE] Loading LiteSpeed/1.4.43 Open ...
2019-06-11 21:24:04.889395 [NOTICE] Using [BoringSSL]
2019-06-11 21:24:04.891441 [NOTICE] [ADMIN] server socket: uds://usr/local/lsws/admin/tmp/admin.sock.7847
2019-06-11 21:24:04.891713 [NOTICE] chroot is disabled.
2019-06-11 21:24:04.891726 [INFO] old priority: 0, new priority: 0
2019-06-11 21:24:04.891753 [INFO] [config:server:basics2] For better obscurity, server version number is hidden in the response header.
2019-06-11 21:24:04.907116 [INFO] [PlainConf] RCS checkin config file /usr/local/lsws/conf/mime.properties0 OK.
2019-06-11 21:24:04.907450 [NOTICE] [PID: 3709]: forked cgid: 3720
2019-06-11 21:24:04.907580 [INFO] [PlainConf] [adminConfig:] start parsing file /usr/local/lsws/admin/conf/admin_config.conf
2019-06-11 21:24:04.920740 [INFO] [PlainConf] [adminConfig:] RCS checkin config file /usr/local/lsws/admin/conf/admin_config.conf0 OK.
2019-06-11 21:24:04.925890 [INFO] [Module: modcompress 1.1] has been initialized successfully
2019-06-11 21:24:04.925960 [INFO] [Module: moddecompress 1.1] has been initialized successfully
2019-06-11 21:24:04.926029 [INFO] [Module: cache 1.59] has been initialized successfully
2019-06-11 21:24:04.928529 [NOTICE] The maximum number of file descriptor limit is set to 30000.
2019-06-11 21:24:04.932099 [INFO] [PlainConf] [virtualHostConfig:] start parsing file /usr/local/lsws/conf/vhosts/Example/vhconf.conf
2019-06-11 21:24:04.941465 [INFO] [PlainConf] [virtualHostConfig:] RCS checkin config file /usr/local/lsws/conf/vhosts/Example/vhconf.conf0 OK.
2019-06-11 21:24:04.941547 [INFO] [PlainConf] [context:/] rewrite [] add rules [rewritefile .htaccess]
2019-06-11 21:24:04.941770 [INFO] [config:server:vhosts:vhost:Example] config conxtext /.
2019-06-11 21:24:04.941807 [INFO] RewriteFile [.htaccess] parsed, return 0.
2019-06-11 21:24:04.941816 [INFO] [config:server:vhosts:vhost:Example] config conxtext /blocked/.
2019-06-11 21:24:04.941827 [INFO] [config:server:vhosts:vhost:Example] config conxtext /cgi-bin/.
2019-06-11 21:24:04.941848 [INFO] [config:server:vhosts:vhost:Example] config conxtext /docs/.
2019-06-11 21:24:04.941866 [INFO] [config:server:vhosts:vhost:Example] config conxtext /protected/.
2019-06-11 21:24:04.941876 [ERROR] [config:server:vhosts:vhost:Example:context:/protected/] Path for context location is invalid: /usr/local/lsws/Example/html/protected/
2019-06-11 21:24:04.941911 [INFO] [PlainConf] [virtualHostConfig:] start parsing file /usr/local/lsws/conf/vhosts/pierpont.io/vhost.conf
2019-06-11 21:24:04.947588 [INFO] [PlainConf] [virtualHostConfig:] RCS checkin config file /usr/local/lsws/conf/vhosts/pierpont.io/vhost.conf0 OK.
2019-06-11 21:24:04.950843 [INFO] [config:server:vhosts:vhost:pierpont.io] config conxtext /.filemanager.
2019-06-11 21:24:04.950921 [INFO] Rewrite directive: <IfModule LiteSpeed> bypassed.
2019-06-11 21:24:04.950931 [ERROR] Invalid rewrite directive: CacheLookup on
2019-06-11 21:24:04.950981 [INFO] Rewrite directive: </IfModule> bypassed.
2019-06-11 21:24:04.950988 [INFO] Rewrite directive: <IfModule mod_rewrite.c> bypassed.
2019-06-11 21:24:04.951007 [INFO] Rewrite directive: </IfModule> bypassed.
2019-06-11 21:24:04.951012 [INFO] Rewrite directive: <IfModule mod_rewrite.c> bypassed.
2019-06-11 21:24:04.951017 [INFO] RewriteBase [/] parsed, set to HttpContext 0x1450980.
2019-06-11 21:24:04.951027 [INFO] Rewrite directive: </IfModule> bypassed.
2019-06-11 21:24:04.951032 [INFO] RewriteFile [/home/pierpont.io/public_html/.htaccess] parsed, return 0.
2019-06-11 21:24:04.951061 [INFO] [PlainConf] [virtualHostConfig:] start parsing file /usr/local/lsws/conf/vhosts/jetpay.com/vhost.conf
2019-06-11 21:24:04.956219 [INFO] [PlainConf] [virtualHostConfig:] RCS checkin config file /usr/local/lsws/conf/vhosts/jetpay.com/vhost.conf0 OK.
2019-06-11 21:24:04.956708 [INFO] [PlainConf] [virtualHostConfig:] start parsing file /usr/local/lsws/conf/vhosts/epayknowledgebase.com/vhost.conf
2019-06-11 21:24:04.971985 [INFO] [PlainConf] [virtualHostConfig:] RCS checkin config file /usr/local/lsws/conf/vhosts/epayknowledgebase.com/vhost.conf0 OK.
2019-06-11 21:24:04.972562 [INFO] [PlainConf] [virtualHostTemplate:] start parsing file /usr/local/lsws/conf/templates/ccl.conf
2019-06-11 21:24:04.984090 [INFO] [PlainConf] [virtualHostTemplate:] RCS checkin config file /usr/local/lsws/conf/templates/ccl.conf0 OK.
2019-06-11 21:24:04.984185 [INFO] [PlainConf] [context:/] rewrite [] add rules [rewritefile .htaccess]
2019-06-11 21:24:04.984226 [INFO] [PlainConf] [virtualHostTemplate:] start parsing file /usr/local/lsws/conf/templates/phpsuexec.conf
2019-06-11 21:24:04.996688 [INFO] [PlainConf] [virtualHostTemplate:] RCS checkin config file /usr/local/lsws/conf/templates/phpsuexec.conf0 OK.
2019-06-11 21:24:04.996770 [INFO] [PlainConf] [context:/] rewrite [] add rules [rewritefile .htaccess]
2019-06-11 21:24:04.996841 [INFO] [PlainConf] [virtualHostTemplate:] start parsing file /usr/local/lsws/conf/templates/rails.conf
2019-06-11 21:24:05.007609 [INFO] [PlainConf] [virtualHostTemplate:] RCS checkin config file /usr/local/lsws/conf/templates/rails.conf0 OK.
2019-06-11 21:24:05.007695 [INFO] [PlainConf] [context:/] rewrite [] add rules [rewritefile .htaccess]
2019-06-11 21:24:05.007736 [NOTICE] [ZConfManager] No VHosts added, do not send!
2019-06-11 21:24:05.008138 [NOTICE] [AutoRestarter] new child process with pid=3790 is forked!
2019-06-11 21:24:05.008636 [NOTICE] [child: 3790] Successfully change current user to nobody
2019-06-11 21:24:05.009206 [NOTICE] Child: 3790] Core dump is enabled.
2019-06-11 21:24:05.009246 [NOTICE] [Child: 3790] Setup swapping space...
2019-06-11 21:24:05.009310 [NOTICE] [Child: 3790] LiteSpeed/1.4.43 Open starts successfully!
