Thu Feb 14 15:07:51 UTC 2019
start, LSWS running: 0
Thu Feb 14 15:08:11 UTC 2019
stop, LSWS running: 1
Thu Feb 14 15:08:11 UTC 2019
start, LSWS running: 0
Thu Feb 14 15:15:37 UTC 2019
stop, LSWS running: 1
Thu Feb 14 15:15:37 UTC 2019
start, LSWS running: 0
Thu Feb 14 15:16:53 UTC 2019
stop, LSWS running: 1
Thu Feb 14 15:16:53 UTC 2019
start, LSWS running: 0
Sat Feb 16 15:54:00 UTC 2019
stop, LSWS running: 1
Sat Feb 16 15:54:00 UTC 2019
start, LSWS running: 0
Sat Feb 16 16:16:37 UTC 2019
stop, LSWS running: 1
Sat Feb 16 16:16:37 UTC 2019
start, LSWS running: 0
Thu Feb 21 00:47:26 UTC 2019
stop, LSWS running: 1
Thu Feb 21 00:47:26 UTC 2019
start, LSWS running: 1
LSWS does not restart properly, check port 7080
check port 7080 after kill all litespeed processes 
Thu Feb 21 00:47:56 UTC 2019
stop, LSWS running: 1
Thu Feb 21 00:47:56 UTC 2019
start, LSWS running: 0
Thu Feb 21 01:54:38 UTC 2019
stop, LSWS running: 1
Thu Feb 21 01:54:38 UTC 2019
start, LSWS running: 1
Thu Feb 21 01:54:54 UTC 2019
start, LSWS running: 0
Thu Feb 21 01:55:04 UTC 2019
stop, LSWS running: 1
Thu Feb 21 01:55:04 UTC 2019
start, LSWS running: 0
Thu Feb 21 02:04:15 UTC 2019
stop, LSWS running: 1
Thu Feb 21 02:04:15 UTC 2019
start, LSWS running: 0
Thu Feb 21 02:05:54 UTC 2019
stop, LSWS running: 1
Thu Feb 21 02:05:54 UTC 2019
start, LSWS running: 0
Thu Feb 21 02:07:30 UTC 2019
stop, LSWS running: 1
Thu Feb 21 02:07:30 UTC 2019
start, LSWS running: 0
Thu Feb 21 02:09:22 UTC 2019
stop, LSWS running: 1
Thu Feb 21 02:09:22 UTC 2019
start, LSWS running: 0
Thu Feb 21 02:46:35 UTC 2019
stop, LSWS running: 1
Thu Feb 21 02:46:35 UTC 2019
start, LSWS running: 0
Thu Feb 21 02:47:32 UTC 2019
stop, LSWS running: 1
Thu Feb 21 02:47:32 UTC 2019
start, LSWS running: 0
Tue Feb 26 14:17:36 UTC 2019
stop, LSWS running: 1
Tue Feb 26 14:17:36 UTC 2019
start, LSWS running: 1
LSWS does not restart properly, check port 7080
check port 7080 after kill all litespeed processes 
Tue Feb 26 14:18:05 UTC 2019
stop, LSWS running: 1
Tue Feb 26 14:18:05 UTC 2019
start, LSWS running: 0
Tue Jun 11 18:41:20 UTC 2019
start, LSWS running: 1
Tue Jun 11 18:44:01 UTC 2019
start, LSWS running: 1
Tue Jun 11 18:44:11 UTC 2019
status, LSWS running: 1
